
mohammad was sleeped in this time : ۱۴۰۱/۴/۹،‏ ۶:۱۷:۳۱
mohammad was sleeped in this time : ۱۴۰۱/۴/۹،‏ ۶:۱۹:۲۶
mohammad was sleeped in this time : ۱۴۰۱/۴/۹،‏ ۶:۱۹:۳۰
mohammad was sleeped in this time : ۱۴۰۱/۴/۹،‏ ۶:۱۹:۳۰
mohammad was sleeped in this time : ۱۴۰۱/۴/۹،‏ ۶:۱۹:۳۱
mohammad was sleeped in this time : ۱۴۰۱/۴/۹،‏ ۶:۱۹:۳۱
mohammad was sleeped in this time : ۱۴۰۱/۴/۹،‏ ۶:۱۹:۳۸
mohammad was sleeped in this time : ۱۴۰۱/۴/۹،‏ ۶:۱۹:۵۲
mohammad was studyied in this time : ۱۴۰۱/۴/۹،‏ ۶:۱۹:۵۲
mohammad was sleeped in this time : ۱۴۰۱/۴/۹،‏ ۶:۱۹:۵۶
mohammad was studyied in this time : ۱۴۰۱/۴/۹،‏ ۶:۱۹:۵۶
mohammad was sleeped in this time : ۱۴۰۱/۴/۹،‏ ۶:۱۹:۵۶
mohammad was studyied in this time : ۱۴۰۱/۴/۹،‏ ۶:۱۹:۵۶
mohammad was sleeped in this time : ۱۴۰۱/۴/۹،‏ ۶:۱۹:۵۸
mohammad was studyied in this time : ۱۴۰۱/۴/۹،‏ ۶:۱۹:۵۸
mohammad was sleeped in this time : ۱۴۰۱/۴/۹،‏ ۶:۱۹:۵۹
mohammad was studyied in this time : ۱۴۰۱/۴/۹،‏ ۶:۱۹:۵۹
mohammad was sleeped in this time : ۱۴۰۱/۴/۹،‏ ۶:۲۰:۱۰
mohammad was studyied in this time : ۱۴۰۱/۴/۹،‏ ۶:۲۰:۱۰
mohammad was sleeped in this time : ۱۴۰۱/۴/۹،‏ ۶:۲۰:۱۱
mohammad was studyied in this time : ۱۴۰۱/۴/۹،‏ ۶:۲۰:۱۱
mohammad was sleeped in this time : ۱۴۰۱/۴/۹،‏ ۶:۲۰:۱۲
mohammad was studyied in this time : ۱۴۰۱/۴/۹،‏ ۶:۲۰:۱۲
mohammad was sleeped in this time : ۱۴۰۱/۴/۹،‏ ۶:۲۰:۳۰
mohammad was studyied in this time : ۱۴۰۱/۴/۹،‏ ۶:۲۰:۳۰
mohammad was sleeped in this time : ۱۴۰۱/۴/۹،‏ ۶:۲۰:۳۱
mohammad was studyied in this time : ۱۴۰۱/۴/۹،‏ ۶:۲۰:۳۱
mohammad was sleeped in this time : ۱۴۰۱/۴/۹،‏ ۶:۲۰:۳۲
mohammad was studyied in this time : ۱۴۰۱/۴/۹،‏ ۶:۲۰:۳۲
mohammad was sleeped in this time : ۱۴۰۱/۴/۹،‏ ۶:۲۳:۱۸=>mohammad
mohammad was studyied in this time : ۱۴۰۱/۴/۹،‏ ۶:۲۳:۱۸
mohammad was sleeped in this time : ۱۴۰۱/۴/۹،‏ ۶:۲۳:۲۲=>mohammad
mohammad was studyied in this time : ۱۴۰۱/۴/۹،‏ ۶:۲۳:۲۲
mohammad was sleeped in this time : ۱۴۰۱/۴/۹،‏ ۶:۲۴:۱۶=>fdsafdf
mohammad was studyied in this time : ۱۴۰۱/۴/۹،‏ ۶:۲۴:۱۶